2024-04-04 16:17:08,854 - INFO - 
**************** Process Status ****************
2024-04-04 16:17:08,862 - INFO - 
  PID Mailbox   Status           Format  Lenght  SenderWaiting
0   1       A  RUNNING  VARIABLE_LENGTH      10          False
1   2       B  RUNNING  VARIABLE_LENGTH      10          False
2024-04-04 16:17:08,862 - INFO - 
**************** Mailbox A ****************
2024-04-04 16:17:08,868 - INFO - 
Mailbox Information
                   Mailbox  Max Size  Actual Size   Type Discipline
Config Information       A        10            1  QUEUE       FIFO
Mailbox Data
  Mailbox Message Sender  Index Priority     Timestamp
0       A              2      1        3  1.712269e+09
2024-04-04 16:17:08,869 - INFO - 
**************** Mailbox B ****************
2024-04-04 16:17:08,874 - INFO - 
Mailbox Information
                   Mailbox  Max Size  Actual Size   Type Discipline
Config Information       B        10            4  QUEUE       FIFO
Mailbox Data
  Mailbox             Message Sender  Index Priority     Timestamp
0       B                          1      1        2  1.712269e+09
1       B        hello from 1      1      2        1  1.712269e+09
2       B  hello from 1 again      1      3        3  1.712269e+09
3       B       test PRIORITY      1      4        1  1.712269e+09
